<?xml version="1.0" encoding="UTF-8"?>
<!-- Generated by org.testng.reporters.JUnitReportReporter -->
<testsuite hostname="RAMESH-FIN25" failures="0" tests="4" name="Framework.POM" time="41.715" errors="0" timestamp="2024-10-18T09:29:58 IST" skipped="0">
  <testcase classname="Framework.POM" name="OrderPage" time="6.691"/>
  <testcase classname="Framework.POM" name="OrderPlacement" time="13.894"/>
  <testcase classname="Framework.POM" name="OrderPlacement" time="14.922"/>
  <testcase classname="Framework.POM" name="OrderPage" time="6.208"/>
</testsuite> <!-- Framework.POM -->
