<?xml version="1.0" encoding="UTF-8"?>
<!-- Generated by org.testng.reporters.JUnitReportReporter -->
<testsuite hostname="RAMESH-FIN25" failures="0" tests="1" name="cucumbertest.TestNGTestRunner" time="10.549" errors="0" timestamp="2024-10-23T15:54:05 IST" skipped="0">
  <testcase classname="cucumbertest.TestNGTestRunner" name="runScenario" time="10.549"/>
</testsuite> <!-- cucumbertest.TestNGTestRunner -->
