<?xml version="1.0" encoding="UTF-8"?>
<!-- Generated by org.testng.reporters.JUnitReportReporter -->
<testsuite hostname="RAMESH-FIN25" failures="0" tests="4" name="Frameworks.POM" time="32.701" errors="0" timestamp="2024-10-23T16:13:28 IST" skipped="0">
  <testcase classname="Frameworks.POM" name="OrderPlacement" time="10.730"/>
  <testcase classname="Frameworks.POM" name="OrderPage" time="5.524"/>
  <testcase classname="Frameworks.POM" name="OrderPage" time="5.323"/>
  <testcase classname="Frameworks.POM" name="OrderPlacement" time="11.124"/>
</testsuite> <!-- Frameworks.POM -->
